app/build/outputs/logs/manifest-merger-debug-report.txt
-- Merging decision tree log ---
manifest
ADDED from AndroidManifest.xml:2:1
	package
		ADDED from AndroidManifest.xml:3:5
		INJECTED from AndroidManifest.xml:0:0
		INJECTED from AndroidManifest.xml:0:0
	android:versionName
		ADDED from AndroidManifest.xml:5:5
	android:versionCode
		ADDED from AndroidManifest.xml:4:5
		INJECTED from AndroidManifest.xml:0:0
		INJECTED from AndroidManifest.xml:0:0
	xmlns:android
		ADDED from AndroidManifest.xml:2:11
uses-sdk
ADDED from AndroidManifest.xml:7:5
MERGED from com.android.support:support-v4:22.2.1:20:5
	android:targetSdkVersion
		ADDED from AndroidManifest.xml:9:9
		INJECTED from AndroidManifest.xml:0:0
		INJECTED from AndroidManifest.xml:0:0
	android:minSdkVersion
		ADDED from AndroidManifest.xml:8:9
		INJECTED from AndroidManifest.xml:0:0
		INJECTED from AndroidManifest.xml:0:0
uses-permission#android.permission.VIBRATE
ADDED from AndroidManifest.xml:11:5
	android:name
		ADDED from AndroidManifest.xml:11:22
uses-permission#android.permission.INTERNET
ADDED from AndroidManifest.xml:12:5
	android:name
		ADDED from AndroidManifest.xml:12:22
uses-permission#android.permission.RECORD_AUDIO
ADDED from AndroidManifest.xml:13:5
	android:name
		ADDED from AndroidManifest.xml:13:22
uses-permission#android.permission.CAMERA
ADDED from AndroidManifest.xml:14:5
	android:name
		ADDED from AndroidManifest.xml:14:22
uses-permission#android.permission.ACCESS_NETWORK_STATE
ADDED from AndroidManifest.xml:15:5
	android:name
		ADDED from AndroidManifest.xml:15:22
uses-permission#android.permission.ACCESS_MOCK_LOCATION
ADDED from AndroidManifest.xml:16:5
	android:name
		ADDED from AndroidManifest.xml:16:22
uses-permission#android.permission.WRITE_EXTERNAL_STORAGE
ADDED from AndroidManifest.xml:17:5
	android:name
		ADDED from AndroidManifest.xml:17:22
uses-permission#android.permission.MOUNT_UNMOUNT_FILESYSTEMS
ADDED from AndroidManifest.xml:18:5
	android:name
		ADDED from AndroidManifest.xml:18:22
uses-permission#android.permission.ACCESS_FINE_LOCATION
ADDED from AndroidManifest.xml:19:5
	android:name
		ADDED from AndroidManifest.xml:19:22
uses-permission#android.permission.GET_TASKS
ADDED from AndroidManifest.xml:20:5
	android:name
		ADDED from AndroidManifest.xml:20:22
uses-permission#android.permission.ACCESS_WIFI_STATE
ADDED from AndroidManifest.xml:21:5
	android:name
		ADDED from AndroidManifest.xml:21:22
uses-permission#android.permission.CHANGE_WIFI_STATE
ADDED from AndroidManifest.xml:22:5
	android:name
		ADDED from AndroidManifest.xml:22:22
uses-permission#android.permission.WAKE_LOCK
ADDED from AndroidManifest.xml:23:5
	android:name
		ADDED from AndroidManifest.xml:23:22
uses-permission#android.permission.MODIFY_AUDIO_SETTINGS
ADDED from AndroidManifest.xml:24:5
	android:name
		ADDED from AndroidManifest.xml:24:22
uses-permission#android.permission.READ_PHONE_STATE
ADDED from AndroidManifest.xml:25:5
	android:name
		ADDED from AndroidManifest.xml:25:22
uses-permission#android.permission.RECEIVE_BOOT_COMPLETED
ADDED from AndroidManifest.xml:26:5
	android:name
		ADDED from AndroidManifest.xml:26:22
uses-permission#android.permission.GET_ACCOUNTS
ADDED from AndroidManifest.xml:27:5
	android:name
		ADDED from AndroidManifest.xml:27:22
uses-permission#android.permission.USE_CREDENTIALS
ADDED from AndroidManifest.xml:28:5
	android:name
		ADDED from AndroidManifest.xml:28:22
uses-permission#android.permission.MANAGE_ACCOUNTS
ADDED from AndroidManifest.xml:29:5
	android:name
		ADDED from AndroidManifest.xml:29:22
uses-permission#android.permission.AUTHENTICATE_ACCOUNTS
ADDED from AndroidManifest.xml:30:5
	android:name
		ADDED from AndroidManifest.xml:30:22
uses-permission#com.android.launcher.permission.READ_SETTINGS
ADDED from AndroidManifest.xml:31:5
	android:name
		ADDED from AndroidManifest.xml:31:22
uses-permission#android.permission.BROADCAST_STICKY
ADDED from AndroidManifest.xml:32:5
	android:name
		ADDED from AndroidManifest.xml:32:22
uses-permission#android.permission.WRITE_SETTINGS
ADDED from AndroidManifest.xml:33:5
	android:name
		ADDED from AndroidManifest.xml:33:22
application
ADDED from AndroidManifest.xml:35:5
MERGED from com.android.support:support-v4:22.2.1:22:5
	android:label
		ADDED from AndroidManifest.xml:39:9
	android:allowBackup
		ADDED from AndroidManifest.xml:37:9
	android:icon
		ADDED from AndroidManifest.xml:38:9
	android:name
		ADDED from AndroidManifest.xml:36:9
activity#com.easemob.chatuidemo.activity.MainActivity
ADDED from AndroidManifest.xml:40:9
	android:screenOrientation
		ADDED from AndroidManifest.xml:43:13
	android:launchMode
		ADDED from AndroidManifest.xml:42:13
	android:windowSoftInputMode
		ADDED from AndroidManifest.xml:45:13
	android:theme
		ADDED from AndroidManifest.xml:44:13
	android:name
		ADDED from AndroidManifest.xml:41:13
activity#com.easemob.chatuidemo.activity.SplashActivity
ADDED from AndroidManifest.xml:49:9
	android:screenOrientation
		ADDED from AndroidManifest.xml:51:13
	android:theme
		ADDED from AndroidManifest.xml:52:13
	android:name
		ADDED from AndroidManifest.xml:50:13
intent-filter#android.intent.action.MAIN+android.intent.category.LAUNCHER
ADDED from AndroidManifest.xml:53:13
action#android.intent.action.MAIN
ADDED from AndroidManifest.xml:54:17
	android:name
		ADDED from AndroidManifest.xml:54:25
category#android.intent.category.LAUNCHER
ADDED from AndroidManifest.xml:56:17
	android:name
		ADDED from AndroidManifest.xml:56:27
activity#com.easemob.chatuidemo.activity.LoginActivity
ADDED from AndroidManifest.xml:61:9
	android:screenOrientation
		ADDED from AndroidManifest.xml:63:13
	android:windowSoftInputMode
		ADDED from AndroidManifest.xml:65:13
	android:theme
		ADDED from AndroidManifest.xml:64:13
	android:name
		ADDED from AndroidManifest.xml:62:13
activity#com.easemob.chatuidemo.activity.RegisterActivity
ADDED from AndroidManifest.xml:69:9
	android:screenOrientation
		ADDED from AndroidManifest.xml:71:13
	android:windowSoftInputMode
		ADDED from AndroidManifest.xml:73:13
	android:theme
		ADDED from AndroidManifest.xml:72:13
	android:name
		ADDED from AndroidManifest.xml:70:13
activity#com.easemob.chatuidemo.activity.ChatActivity
ADDED from AndroidManifest.xml:76:9
	android:screenOrientation
		ADDED from AndroidManifest.xml:79:13
	android:launchMode
		ADDED from AndroidManifest.xml:78:13
	android:windowSoftInputMode
		ADDED from AndroidManifest.xml:81:13
	android:theme
		ADDED from AndroidManifest.xml:80:13
	android:name
		ADDED from AndroidManifest.xml:77:13
activity#com.easemob.chatuidemo.activity.AddContactActivity
ADDED from AndroidManifest.xml:84:9
	android:screenOrientation
		ADDED from AndroidManifest.xml:86:13
	android:windowSoftInputMode
		ADDED from AndroidManifest.xml:87:13
	android:theme
		ADDED from AndroidManifest.xml:88:13
	android:name
		ADDED from AndroidManifest.xml:85:13
activity#com.easemob.chatuidemo.activity.GroupDetailsActivity
ADDED from AndroidManifest.xml:91:9
	android:screenOrientation
		ADDED from AndroidManifest.xml:93:13
	android:theme
		ADDED from AndroidManifest.xml:94:13
	android:name
		ADDED from AndroidManifest.xml:92:13
activity#com.easemob.chatuidemo.activity.GroupsActivity
ADDED from AndroidManifest.xml:97:9
	android:screenOrientation
		ADDED from AndroidManifest.xml:99:13
	android:windowSoftInputMode
		ADDED from AndroidManifest.xml:101:13
	android:theme
		ADDED from AndroidManifest.xml:100:13
	android:name
		ADDED from AndroidManifest.xml:98:13
activity#com.easemob.chatuidemo.activity.ChatRoomActivity
ADDED from AndroidManifest.xml:104:9
	android:screenOrientation
		ADDED from AndroidManifest.xml:106:13
	android:windowSoftInputMode
		ADDED from AndroidManifest.xml:108:13
	android:theme
		ADDED from AndroidManifest.xml:107:13
	android:name
		ADDED from AndroidManifest.xml:105:13
activity#com.easemob.chatuidemo.activity.ChatRoomDetailsActivity
ADDED from AndroidManifest.xml:111:9
	android:screenOrientation
		ADDED from AndroidManifest.xml:113:13
	android:theme
		ADDED from AndroidManifest.xml:114:13
	android:name
		ADDED from AndroidManifest.xml:112:13
activity#com.easemob.chatuidemo.activity.NewGroupActivity
ADDED from AndroidManifest.xml:118:9
	android:screenOrientation
		ADDED from AndroidManifest.xml:120:13
	android:windowSoftInputMode
		ADDED from AndroidManifest.xml:122:13
	android:theme
		ADDED from AndroidManifest.xml:121:13
	android:name
		ADDED from AndroidManifest.xml:119:13
activity#com.easemob.chatuidemo.activity.ExitGroupDialog
ADDED from AndroidManifest.xml:125:9
	android:screenOrientation
		ADDED from AndroidManifest.xml:127:13
	android:theme
		ADDED from AndroidManifest.xml:128:13
	android:name
		ADDED from AndroidManifest.xml:126:13
activity#com.easemob.chatuidemo.activity.GroupPickContactsActivity
ADDED from AndroidManifest.xml:131:9
	android:screenOrientation
		ADDED from AndroidManifest.xml:133:13
	android:windowSoftInputMode
		ADDED from AndroidManifest.xml:135:13
	android:theme
		ADDED from AndroidManifest.xml:134:13
	android:name
		ADDED from AndroidManifest.xml:132:13
activity#com.easemob.chatuidemo.activity.BaiduMapActivity
ADDED from AndroidManifest.xml:138:9
	android:screenOrientation
		ADDED from AndroidManifest.xml:140:13
	android:theme
		ADDED from AndroidManifest.xml:141:13
	android:name
		ADDED from AndroidManifest.xml:139:13
activity#com.easemob.chatuidemo.activity.NewFriendsMsgActivity
ADDED from AndroidManifest.xml:145:9
	android:screenOrientation
		ADDED from AndroidManifest.xml:147:13
	android:theme
		ADDED from AndroidManifest.xml:148:13
	android:name
		ADDED from AndroidManifest.xml:146:13
activity#com.easemob.chatuidemo.activity.ForwardMessageActivity
ADDED from AndroidManifest.xml:151:9
	android:screenOrientation
		ADDED from AndroidManifest.xml:153:13
	android:windowSoftInputMode
		ADDED from AndroidManifest.xml:155:13
	android:theme
		ADDED from AndroidManifest.xml:154:13
	android:name
		ADDED from AndroidManifest.xml:152:13
activity#com.easemob.chatuidemo.activity.ContextMenu
ADDED from AndroidManifest.xml:158:9
	android:screenOrientation
		ADDED from AndroidManifest.xml:160:13
	android:theme
		ADDED from AndroidManifest.xml:161:13
	android:name
		ADDED from AndroidManifest.xml:159:13
activity#com.easemob.chatuidemo.activity.AlertDialog
ADDED from AndroidManifest.xml:164:9
	android:screenOrientation
		ADDED from AndroidManifest.xml:166:13
	android:theme
		ADDED from AndroidManifest.xml:167:13
	android:name
		ADDED from AndroidManifest.xml:165:13
activity#com.easemob.chatuidemo.activity.ShowBigImage
ADDED from AndroidManifest.xml:170:9
	android:screenOrientation
		ADDED from AndroidManifest.xml:172:13
	android:theme
		ADDED from AndroidManifest.xml:173:13
	android:name
		ADDED from AndroidManifest.xml:171:13
activity#com.easemob.chatuidemo.activity.ShowNormalFileActivity
ADDED from AndroidManifest.xml:176:9
	android:screenOrientation
		ADDED from AndroidManifest.xml:178:13
	android:theme
		ADDED from AndroidManifest.xml:179:13
	android:name
		ADDED from AndroidManifest.xml:177:13
activity#com.easemob.chatuidemo.activity.BlacklistActivity
ADDED from AndroidManifest.xml:182:9
	android:screenOrientation
		ADDED from AndroidManifest.xml:184:13
	android:theme
		ADDED from AndroidManifest.xml:185:13
	android:name
		ADDED from AndroidManifest.xml:183:13
activity#com.easemob.chatuidemo.activity.PublicGroupsActivity
ADDED from AndroidManifest.xml:189:9
	android:screenOrientation
		ADDED from AndroidManifest.xml:191:13
	android:windowSoftInputMode
		ADDED from AndroidManifest.xml:193:13
	android:theme
		ADDED from AndroidManifest.xml:192:13
	android:name
		ADDED from AndroidManifest.xml:190:13
activity#com.easemob.chatuidemo.activity.PublicChatRoomsActivity
ADDED from AndroidManifest.xml:196:9
	android:screenOrientation
		ADDED from AndroidManifest.xml:198:13
	android:windowSoftInputMode
		ADDED from AndroidManifest.xml:200:13
	android:theme
		ADDED from AndroidManifest.xml:199:13
	android:name
		ADDED from AndroidManifest.xml:197:13
activity#com.easemob.chatuidemo.activity.VoiceCallActivity
ADDED from AndroidManifest.xml:204:9
	android:screenOrientation
		ADDED from AndroidManifest.xml:206:13
	android:launchMode
		ADDED from AndroidManifest.xml:207:13
	android:theme
		ADDED from AndroidManifest.xml:208:13
	android:name
		ADDED from AndroidManifest.xml:205:13
activity#com.easemob.chatuidemo.activity.VideoCallActivity
ADDED from AndroidManifest.xml:211:9
	android:screenOrientation
		ADDED from AndroidManifest.xml:214:13
	android:launchMode
		ADDED from AndroidManifest.xml:215:13
	android:configChanges
		ADDED from AndroidManifest.xml:213:13
	android:theme
		ADDED from AndroidManifest.xml:216:13
	android:name
		ADDED from AndroidManifest.xml:212:13
activity#com.easemob.chatuidemo.activity.GroupSimpleDetailActivity
ADDED from AndroidManifest.xml:219:9
	android:screenOrientation
		ADDED from AndroidManifest.xml:221:13
	android:theme
		ADDED from AndroidManifest.xml:222:13
	android:name
		ADDED from AndroidManifest.xml:220:13
activity#com.easemob.chatuidemo.activity.GroupBlacklistActivity
ADDED from AndroidManifest.xml:225:9
	android:screenOrientation
		ADDED from AndroidManifest.xml:227:13
	android:theme
		ADDED from AndroidManifest.xml:228:13
	android:name
		ADDED from AndroidManifest.xml:226:13
activity#com.easemob.chatuidemo.activity.PublicGroupsSeachActivity
ADDED from AndroidManifest.xml:230:9
	android:screenOrientation
		ADDED from AndroidManifest.xml:232:13
	android:theme
		ADDED from AndroidManifest.xml:233:13
	android:name
		ADDED from AndroidManifest.xml:231:13
activity#com.easemob.chatuidemo.activity.EditActivity
ADDED from AndroidManifest.xml:235:9
	android:screenOrientation
		ADDED from AndroidManifest.xml:237:13
	android:windowSoftInputMode
		ADDED from AndroidManifest.xml:239:13
	android:theme
		ADDED from AndroidManifest.xml:238:13
	android:name
		ADDED from AndroidManifest.xml:236:13
activity#com.easemob.chatuidemo.activity.ShowVideoActivity
ADDED from AndroidManifest.xml:241:9
	android:screenOrientation
		ADDED from AndroidManifest.xml:243:13
	android:windowSoftInputMode
		ADDED from AndroidManifest.xml:245:13
	android:theme
		ADDED from AndroidManifest.xml:244:13
	android:name
		ADDED from AndroidManifest.xml:242:13
activity#com.easemob.chatuidemo.activity.ImageGridActivity
ADDED from AndroidManifest.xml:248:9
	android:screenOrientation
		ADDED from AndroidManifest.xml:250:13
	android:windowSoftInputMode
		ADDED from AndroidManifest.xml:252:13
	android:theme
		ADDED from AndroidManifest.xml:251:13
	android:name
		ADDED from AndroidManifest.xml:249:13
activity#com.easemob.chatuidemo.activity.RecorderVideoActivity
ADDED from AndroidManifest.xml:254:9
	android:screenOrientation
		ADDED from AndroidManifest.xml:256:13
	android:windowSoftInputMode
		ADDED from AndroidManifest.xml:258:13
	android:theme
		ADDED from AndroidManifest.xml:257:13
	android:name
		ADDED from AndroidManifest.xml:255:13
activity#com.easemob.chatuidemo.activity.DiagnoseActivity
ADDED from AndroidManifest.xml:261:9
	android:screenOrientation
		ADDED from AndroidManifest.xml:263:13
	android:windowSoftInputMode
		ADDED from AndroidManifest.xml:265:13
	android:theme
		ADDED from AndroidManifest.xml:264:13
	android:name
		ADDED from AndroidManifest.xml:262:13
activity#com.easemob.chatuidemo.activity.OfflinePushNickActivity
ADDED from AndroidManifest.xml:269:9
	android:screenOrientation
		ADDED from AndroidManifest.xml:271:13
	android:windowSoftInputMode
		ADDED from AndroidManifest.xml:273:13
	android:theme
		ADDED from AndroidManifest.xml:272:13
	android:name
		ADDED from AndroidManifest.xml:270:13
activity#com.easemob.chatuidemo.activity.RobotsActivity
ADDED from AndroidManifest.xml:276:9
	android:screenOrientation
		ADDED from AndroidManifest.xml:278:13
	android:windowSoftInputMode
		ADDED from AndroidManifest.xml:280:13
	android:theme
		ADDED from AndroidManifest.xml:279:13
	android:name
		ADDED from AndroidManifest.xml:277:13
meta-data#EASEMOB_APPKEY
ADDED from AndroidManifest.xml:285:9
	android:value
		ADDED from AndroidManifest.xml:287:13
	android:name
		ADDED from AndroidManifest.xml:286:13
service#com.easemob.chat.EMChatService
ADDED from AndroidManifest.xml:292:9
	android:exported
		ADDED from AndroidManifest.xml:293:13
	android:name
		ADDED from AndroidManifest.xml:292:18
receiver#com.easemob.chat.EMMonitorReceiver
ADDED from AndroidManifest.xml:296:9
	android:name
		ADDED from AndroidManifest.xml:296:19
intent-filter#android.intent.action.PACKAGE_REMOVED
ADDED from AndroidManifest.xml:297:13
action#android.intent.action.PACKAGE_REMOVED
ADDED from AndroidManifest.xml:298:17
	android:name
		ADDED from AndroidManifest.xml:298:25
data
ADDED from AndroidManifest.xml:299:17
	android:scheme
		ADDED from AndroidManifest.xml:299:23
intent-filter#android.intent.action.BOOT_COMPLETED+android.intent.action.USER_PRESENT
ADDED from AndroidManifest.xml:301:13
action#android.intent.action.BOOT_COMPLETED
ADDED from AndroidManifest.xml:302:17
	android:name
		ADDED from AndroidManifest.xml:302:25
action#android.intent.action.USER_PRESENT
ADDED from AndroidManifest.xml:303:17
	android:name
		ADDED from AndroidManifest.xml:303:25
service#com.baidu.location.f
ADDED from AndroidManifest.xml:308:9
	android:enabled
		ADDED from AndroidManifest.xml:310:13
	android:process
		ADDED from AndroidManifest.xml:311:13
	android:name
		ADDED from AndroidManifest.xml:309:13
meta-data#UMENG_APPKEY
ADDED from AndroidManifest.xml:313:9
	android:value
		ADDED from AndroidManifest.xml:315:13
	android:name
		ADDED from AndroidManifest.xml:314:13
meta-data#com.baidu.lbsapi.API_KEY
ADDED from AndroidManifest.xml:317:9
	android:value
		ADDED from AndroidManifest.xml:319:13
	android:name
		ADDED from AndroidManifest.xml:318:13